<?xml version="1.0" encoding="UTF-8"?>
<testsuite name="it.unisalento.se.converter.dtoToDao.UserDtoToDaoTest" tests="1" skipped="0" failures="0" errors="0" timestamp="2018-06-19T15:55:59" hostname="PC-FISSO-GIANLUCA" time="0.001">
  <properties/>
  <testcase name="convert" classname="it.unisalento.se.converter.dtoToDao.UserDtoToDaoTest" time="0.001"/>
  <system-out><![CDATA[]]></system-out>
  <system-err><![CDATA[]]></system-err>
</testsuite>
