<?xml version="1.0" encoding="UTF-8"?>
<testsuite name="it.unisalento.se.converter.daoToDto.UserTypeDaoToDtoTest" tests="2" skipped="0" failures="0" errors="0" timestamp="2018-06-19T15:55:59" hostname="PC-FISSO-GIANLUCA" time="0.0">
  <properties/>
  <testcase name="convertWithValidType" classname="it.unisalento.se.converter.daoToDto.UserTypeDaoToDtoTest" time="0.0"/>
  <testcase name="convertWithInvalidType" classname="it.unisalento.se.converter.daoToDto.UserTypeDaoToDtoTest" time="0.0"/>
  <system-out><![CDATA[]]></system-out>
  <system-err><![CDATA[]]></system-err>
</testsuite>
