<?xml version="1.0" encoding="UTF-8"?>
<testsuite name="it.unisalento.se.api.rest.ClassroomRestControllerTest" tests="3" skipped="0" failures="0" errors="0" timestamp="2018-06-19T15:55:59" hostname="PC-FISSO-GIANLUCA" time="0.044">
  <properties/>
  <testcase name="saveClassroom" classname="it.unisalento.se.api.rest.ClassroomRestControllerTest" time="0.017"/>
  <testcase name="findByClassroomIdWithInvalidId" classname="it.unisalento.se.api.rest.ClassroomRestControllerTest" time="0.011"/>
  <testcase name="findClassroomById" classname="it.unisalento.se.api.rest.ClassroomRestControllerTest" time="0.015"/>
  <system-out><![CDATA[]]></system-out>
  <system-err><![CDATA[]]></system-err>
</testsuite>
