<?xml version="1.0" encoding="UTF-8"?>
<testsuite name="it.unisalento.se.api.rest.UserRestControllerTest" tests="1" skipped="0" failures="0" errors="0" timestamp="2018-06-15T08:35:14" hostname="MBP-di-Leonardo" time="1.007">
  <properties/>
  <testcase name="findUserById" classname="it.unisalento.se.api.rest.UserRestControllerTest" time="1.007"/>
  <system-out><![CDATA[]]></system-out>
  <system-err><![CDATA[SLF4J: Failed to load class "org.slf4j.impl.StaticLoggerBinder".
SLF4J: Defaulting to no-operation (NOP) logger implementation
SLF4J: See http://www.slf4j.org/codes.html#StaticLoggerBinder for further details.
]]></system-err>
</testsuite>
